[設計反思]
1. 優點：
- logo設計簡潔有力，具有識別度
- 紅色元素的使用恰到好處，不過分張揚
- 字體選擇專業大方

2. 可能需要改進：
- 考慮添加響應式設計，確保在不同設備上都能完美展示
- 可以製作一個favicon以提升品牌識別
- 考慮添加更多互動元素來提升用戶體驗

3. 後續工作：
- 設計配套的名片、文具等品牌識別系統
- 製作品牌使用規範文件
- 考慮開發動態版本的logo用於數位媒體 

[設計更新反思 - 深色主題]
1. 色彩方案：
- 主背景：#2c2c2c（深灰色）
- 標題區：#333333（稍淺深灰）
- 內容區：#383838（中深灰）
- 主要文字：#e0e0e0（淺灰）
- 次要文字：#cccccc（中淺灰）
- 強調色：#ff3333（鮮紅色）
- 邊框色：#404040（分隔線）

2. 設計考量：
- 採用深色主題減少視覺疲勞
- 通過不同深度的灰色創造層次
- 保持足夠對比度確保可讀性
- 紅色更鮮豔以在深色背景中突出

3. 優化效果：
- 更專業的視覺呈現
- 降低屏幕亮度對眼睛的刺激
- 突出品牌識別度
- 適合金融交易相關的專業場景

4. 建議事項：
- 考慮添加自動/手動切換淺色模式的功能
- 確保所有文字的對比度符合WCAG標準
- 可以添加細微的漸變效果增加質感 

[間距調整反思]
1. 設計考量：
- 使用 margin 替代 <br> 標籤更符合現代網頁設計規範
- 透過 CSS 控制間距更靈活且易於維護
- 保持響應式設計的一致性

2. 建議優化：
- 可以考慮在不同螢幕尺寸下動態調整間距
- 可以添加漸變效果使頁面滾動更流暢 

[文案優化反思]
1. 現有文案優點：
- 簡潔有力
- 直接點出核心業務
- 避免過多技術術語

2. 可選擇性改進：
- 可補充市場領域說明
- 可強調專業性詞彙
- 可添加價值主張

3. 建議：
- 保持現有簡潔風格
- 讓讀者容易理解但又保持專業感
- 避免過度修飾，符合金融行業特性 

[文案更新反思]
1. 用詞改進：
- "involvement" 比 "entry" 更全面且專業
- 避免了直接的交易術語
- 保持了適度的模糊性和深度

2. 策略考量：
- 與一般交易顧問服務區隔
- 暗示更深入的市場參與策略
- 展現更高層次的專業服務定位

3. 整體評估：
- 文案更加精煉和專業
- 維持簡潔但內涵更豐富
- 符合高端金融服務的表達方式 

[業務描述優化反思]
1. 用詞轉變：
- 從市場觀察轉向數據分析，更顯專業深度
- 保留模式識別研究，體現技術核心
- 將交易研究改為機會研究，更具戰略性

2. 整體效果：
- 形成完整的研究鏈條：數據→模式→機會
- 展現了系統化的研究方法
- 避免了傳統金融服務的刻板印象

3. 差異化定位：
- 突出數據驅動的專業特質
- 強調系統化的研究方法
- 暗示高端定制化的服務模式

4. 建議：
- 可以考慮在未來增加更多技術細節的展示
- 保持這種含蓄但專業的表達方式
- 持續優化用詞以配合業務發展 